2018-06-01 17:14:32.136  INFO 124 --- [restartedMain] com.comviva.simulator.Application        : Starting Application on MCKL-6068 with PID 124 (E:\wallet-simulator\target\classes started by rishikesh.kumar in E:\wallet-simulator)
2018-06-01 17:14:32.140  INFO 124 --- [restartedMain] com.comviva.simulator.Application        : No active profile set, falling back to default profiles: default
2018-06-01 17:14:32.624  INFO 124 --- [restartedMain] ationConfigEmbeddedWebApplicationContext : Refreshing org.springframework.boot.context.embedded.AnnotationConfigEmbeddedWebApplicationContext@1efac0ce: startup date [Fri Jun 01 17:14:32 IST 2018]; root of context hierarchy
2018-06-01 17:14:37.219  INFO 124 --- [restartedMain] o.s.b.f.s.DefaultListableBeanFactory     : Overriding bean definition for bean 'ignoredPathsWebSecurityConfigurerAdapter' with a different definition: replacing [Root bean: class [null]; scope=; abstract=false; lazyInit=false; autowireMode=3; dependencyCheck=0; autowireCandidate=true; primary=false; factoryBeanName=org.springframework.boot.autoconfigure.security.SpringBootWebSecurityConfiguration; factoryMethodName=ignoredPathsWebSecurityConfigurerAdapter; initMethodName=null; destroyMethodName=(inferred); defined in class path resource [org/springframework/boot/autoconfigure/security/SpringBootWebSecurityConfiguration.class]] with [Root bean: class [null]; scope=; abstract=false; lazyInit=false; autowireMode=3; dependencyCheck=0; autowireCandidate=true; primary=false; factoryBeanName=org.springframework.boot.actuate.autoconfigure.ManagementWebSecurityAutoConfiguration; factoryMethodName=ignoredPathsWebSecurityConfigurerAdapter; initMethodName=null; destroyMethodName=(inferred); defined in class path resource [org/springframework/boot/actuate/autoconfigure/ManagementWebSecurityAutoConfiguration.class]]
2018-06-01 17:14:37.614  WARN 124 --- [restartedMain] o.s.c.a.ConfigurationClassPostProcessor  : Cannot enhance @Configuration bean definition 'beanNamePlaceholderRegistryPostProcessor' since its singleton instance has been created too early. The typical cause is a non-static @Bean method with a BeanDefinitionRegistryPostProcessor return type: Consider declaring such methods as 'static'.
2018-06-01 17:14:38.014  INFO 124 --- [restartedMain] eEncryptablePropertySourcesPostProcessor : Post-processing PropertySource instances
2018-06-01 17:14:38.039  INFO 124 --- [restartedMain] c.u.j.c.StringEncryptorConfiguration     : String Encryptor custom Bean not found with name 'jasyptStringEncryptor'. Initializing String Encryptor based on properties with name 'jasyptStringEncryptor'
2018-06-01 17:14:38.044  INFO 124 --- [restartedMain] eEncryptablePropertySourcesPostProcessor : Converting PropertySource servletConfigInitParams [org.springframework.core.env.PropertySource$StubPropertySource] to EncryptablePropertySourceWrapper
2018-06-01 17:14:38.045  INFO 124 --- [restartedMain] eEncryptablePropertySourcesPostProcessor : Converting PropertySource servletContextInitParams [org.springframework.core.env.PropertySource$StubPropertySource] to EncryptablePropertySourceWrapper
2018-06-01 17:14:38.045  INFO 124 --- [restartedMain] eEncryptablePropertySourcesPostProcessor : Converting PropertySource systemProperties [org.springframework.core.env.MapPropertySource] to EncryptableMapPropertySourceWrapper
2018-06-01 17:14:38.045  INFO 124 --- [restartedMain] eEncryptablePropertySourcesPostProcessor : Converting PropertySource systemEnvironment [org.springframework.core.env.SystemEnvironmentPropertySource] to EncryptableMapPropertySourceWrapper
2018-06-01 17:14:38.045  INFO 124 --- [restartedMain] eEncryptablePropertySourcesPostProcessor : Converting PropertySource random [org.springframework.boot.context.config.RandomValuePropertySource] to EncryptablePropertySourceWrapper
2018-06-01 17:14:38.045  INFO 124 --- [restartedMain] eEncryptablePropertySourcesPostProcessor : Converting PropertySource applicationConfig: [classpath:/application.properties] [org.springframework.core.env.PropertiesPropertySource] to EncryptableMapPropertySourceWrapper
2018-06-01 17:14:38.045  INFO 124 --- [restartedMain] eEncryptablePropertySourcesPostProcessor : Converting PropertySource refresh [org.springframework.core.env.MapPropertySource] to EncryptableMapPropertySourceWrapper
2018-06-01 17:14:38.069  INFO 124 --- [restartedMain] f.a.AutowiredAnnotationBeanPostProcessor : JSR-330 'javax.inject.Inject' annotation found and supported for autowiring
2018-06-01 17:14:38.224  INFO 124 --- [restartedMain] trationDelegate$BeanPostProcessorChecker : Bean 'org.springframework.transaction.annotation.ProxyTransactionManagementConfiguration' of type [class org.springframework.transaction.annotation.ProxyTransactionManagementConfiguration$$EnhancerBySpringCGLIB$$de28d14d] is not eligible for getting processed by all BeanPostProcessors (for example: not eligible for auto-proxying)
2018-06-01 17:14:39.223  INFO 124 --- [restartedMain] s.b.c.e.t.TomcatEmbeddedServletContainer : Tomcat initialized with port(s): 7001 (http)
2018-06-01 17:14:39.238  INFO 124 --- [restartedMain] o.apache.catalina.core.StandardService   : Starting service Tomcat
2018-06-01 17:14:39.238  INFO 124 --- [restartedMain] org.apache.catalina.core.StandardEngine  : Starting Servlet Engine: Apache Tomcat/8.5.6
2018-06-01 17:14:39.373  INFO 124 --- [localhost-startStop-1] o.a.c.c.C.[.[.[/wallet-simulator]        : Initializing Spring embedded WebApplicationContext
2018-06-01 17:14:39.373  INFO 124 --- [localhost-startStop-1] o.s.web.context.ContextLoader            : Root WebApplicationContext: initialization completed in 6753 ms
2018-06-01 17:14:39.999  INFO 124 --- [localhost-startStop-1] o.s.b.w.servlet.FilterRegistrationBean   : Mapping filter: 'metricsFilter' to: [/*]
2018-06-01 17:14:40.001  INFO 124 --- [localhost-startStop-1] o.s.b.w.servlet.FilterRegistrationBean   : Mapping filter: 'characterEncodingFilter' to: [/*]
2018-06-01 17:14:40.001  INFO 124 --- [localhost-startStop-1] o.s.b.w.servlet.FilterRegistrationBean   : Mapping filter: 'hiddenHttpMethodFilter' to: [/*]
2018-06-01 17:14:40.001  INFO 124 --- [localhost-startStop-1] o.s.b.w.servlet.FilterRegistrationBean   : Mapping filter: 'httpPutFormContentFilter' to: [/*]
2018-06-01 17:14:40.001  INFO 124 --- [localhost-startStop-1] o.s.b.w.servlet.FilterRegistrationBean   : Mapping filter: 'requestContextFilter' to: [/*]
2018-06-01 17:14:40.001  INFO 124 --- [localhost-startStop-1] .s.DelegatingFilterProxyRegistrationBean : Mapping filter: 'springSecurityFilterChain' to: [/*]
2018-06-01 17:14:40.001  INFO 124 --- [localhost-startStop-1] o.s.b.w.servlet.FilterRegistrationBean   : Mapping filter: 'webRequestLoggingFilter' to: [/*]
2018-06-01 17:14:40.001  INFO 124 --- [localhost-startStop-1] o.s.b.w.servlet.FilterRegistrationBean   : Mapping filter: 'applicationContextIdFilter' to: [/*]
2018-06-01 17:14:40.001  INFO 124 --- [localhost-startStop-1] o.s.b.w.servlet.ServletRegistrationBean  : Mapping servlet: 'dispatcherServlet' to [/]
2018-06-01 17:14:40.004  INFO 124 --- [localhost-startStop-1] o.s.b.w.servlet.ServletRegistrationBean  : Mapping servlet: 'webServlet' to [/h2-console/*]
2018-06-01 17:14:40.217  WARN 124 --- [restartedMain] ationConfigEmbeddedWebApplicationContext : Exception encountered during context initialization - cancelling refresh attempt: org.springframework.beans.factory.BeanCreationException: Error creating bean with name 'org.springframework.boot.autoconfigure.liquibase.LiquibaseAutoConfiguration$LiquibaseConfiguration': Invocation of init method failed; nested exception is java.lang.IllegalStateException: Cannot find changelog location: class path resource [dbChangelog/changesets.xml] (please add changelog or check your Liquibase configuration)
2018-06-01 17:14:40.221  INFO 124 --- [restartedMain] o.apache.catalina.core.StandardService   : Stopping service Tomcat
2018-06-01 17:14:40.239  WARN 124 --- [restartedMain] o.s.boot.SpringApplication               : Error handling failed (Error creating bean with name 'delegatingApplicationListener' defined in class path resource [org/springframework/security/config/annotation/web/configuration/WebSecurityConfiguration.class]: BeanPostProcessor before instantiation of bean failed; nested exception is org.springframework.beans.factory.BeanCreationException: Error creating bean with name 'org.springframework.transaction.annotation.ProxyTransactionManagementConfiguration': Initialization of bean failed; nested exception is org.springframework.beans.factory.NoSuchBeanDefinitionException: No bean named 'org.springframework.context.annotation.ConfigurationClassPostProcessor.importRegistry' available)
2018-06-01 17:14:40.250 ERROR 124 --- [restartedMain] o.s.boot.SpringApplication               : Application startup failed

org.springframework.beans.factory.BeanCreationException: Error creating bean with name 'org.springframework.boot.autoconfigure.liquibase.LiquibaseAutoConfiguration$LiquibaseConfiguration': Invocation of init method failed; nested exception is java.lang.IllegalStateException: Cannot find changelog location: class path resource [dbChangelog/changesets.xml] (please add changelog or check your Liquibase configuration)
	at org.springframework.beans.factory.annotation.InitDestroyAnnotationBeanPostProcessor.postProcessBeforeInitialization(InitDestroyAnnotationBeanPostProcessor.java:137) ~[spring-beans-4.3.4.RELEASE.jar:4.3.4.RELEASE]
	at org.springframework.beans.factory.support.AbstractAutowireCapableBeanFactory.applyBeanPostProcessorsBeforeInitialization(AbstractAutowireCapableBeanFactory.java:408) ~[spring-beans-4.3.4.RELEASE.jar:4.3.4.RELEASE]
	at org.springframework.beans.factory.support.AbstractAutowireCapableBeanFactory.initializeBean(AbstractAutowireCapableBeanFactory.java:1575) ~[spring-beans-4.3.4.RELEASE.jar:4.3.4.RELEASE]
	at org.springframework.beans.factory.support.AbstractAutowireCapableBeanFactory.doCreateBean(AbstractAutowireCapableBeanFactory.java:553) ~[spring-beans-4.3.4.RELEASE.jar:4.3.4.RELEASE]
	at org.springframework.beans.factory.support.AbstractAutowireCapableBeanFactory.createBean(AbstractAutowireCapableBeanFactory.java:482) ~[spring-beans-4.3.4.RELEASE.jar:4.3.4.RELEASE]
	at org.springframework.beans.factory.support.AbstractBeanFactory$1.getObject(AbstractBeanFactory.java:306) ~[spring-beans-4.3.4.RELEASE.jar:4.3.4.RELEASE]
	at org.springframework.beans.factory.support.DefaultSingletonBeanRegistry.getSingleton(DefaultSingletonBeanRegistry.java:230) ~[spring-beans-4.3.4.RELEASE.jar:4.3.4.RELEASE]
	at org.springframework.beans.factory.support.AbstractBeanFactory.doGetBean(AbstractBeanFactory.java:302) ~[spring-beans-4.3.4.RELEASE.jar:4.3.4.RELEASE]
	at org.springframework.beans.factory.support.AbstractBeanFactory.getBean(AbstractBeanFactory.java:197) ~[spring-beans-4.3.4.RELEASE.jar:4.3.4.RELEASE]
	at org.springframework.beans.factory.support.ConstructorResolver.instantiateUsingFactoryMethod(ConstructorResolver.java:372) ~[spring-beans-4.3.4.RELEASE.jar:4.3.4.RELEASE]
	at org.springframework.beans.factory.support.AbstractAutowireCapableBeanFactory.instantiateUsingFactoryMethod(AbstractAutowireCapableBeanFactory.java:1128) ~[spring-beans-4.3.4.RELEASE.jar:4.3.4.RELEASE]
	at org.springframework.beans.factory.support.AbstractAutowireCapableBeanFactory.createBeanInstance(AbstractAutowireCapableBeanFactory.java:1022) ~[spring-beans-4.3.4.RELEASE.jar:4.3.4.RELEASE]
	at org.springframework.beans.factory.support.AbstractAutowireCapableBeanFactory.doCreateBean(AbstractAutowireCapableBeanFactory.java:512) ~[spring-beans-4.3.4.RELEASE.jar:4.3.4.RELEASE]
	at org.springframework.beans.factory.support.AbstractAutowireCapableBeanFactory.createBean(AbstractAutowireCapableBeanFactory.java:482) ~[spring-beans-4.3.4.RELEASE.jar:4.3.4.RELEASE]
	at org.springframework.beans.factory.support.AbstractBeanFactory$1.getObject(AbstractBeanFactory.java:306) ~[spring-beans-4.3.4.RELEASE.jar:4.3.4.RELEASE]
	at org.springframework.beans.factory.support.DefaultSingletonBeanRegistry.getSingleton(DefaultSingletonBeanRegistry.java:230) ~[spring-beans-4.3.4.RELEASE.jar:4.3.4.RELEASE]
	at org.springframework.beans.factory.support.AbstractBeanFactory.doGetBean(AbstractBeanFactory.java:302) ~[spring-beans-4.3.4.RELEASE.jar:4.3.4.RELEASE]
	at org.springframework.beans.factory.support.AbstractBeanFactory.getBean(AbstractBeanFactory.java:197) ~[spring-beans-4.3.4.RELEASE.jar:4.3.4.RELEASE]
	at org.springframework.beans.factory.support.AbstractBeanFactory.doGetBean(AbstractBeanFactory.java:296) ~[spring-beans-4.3.4.RELEASE.jar:4.3.4.RELEASE]
	at org.springframework.beans.factory.support.AbstractBeanFactory.getBean(AbstractBeanFactory.java:197) ~[spring-beans-4.3.4.RELEASE.jar:4.3.4.RELEASE]
	at org.springframework.context.support.AbstractApplicationContext.getBean(AbstractApplicationContext.java:1081) ~[spring-context-4.3.4.RELEASE.jar:4.3.4.RELEASE]
	at org.springframework.context.support.AbstractApplicationContext.finishBeanFactoryInitialization(AbstractApplicationContext.java:856) ~[spring-context-4.3.4.RELEASE.jar:4.3.4.RELEASE]
	at org.springframework.context.support.AbstractApplicationContext.refresh(AbstractApplicationContext.java:542) ~[spring-context-4.3.4.RELEASE.jar:4.3.4.RELEASE]
	at org.springframework.boot.context.embedded.EmbeddedWebApplicationContext.refresh(EmbeddedWebApplicationContext.java:122) ~[spring-boot-1.4.2.RELEASE.jar:1.4.2.RELEASE]
	at org.springframework.boot.SpringApplication.refresh(SpringApplication.java:761) [spring-boot-1.4.2.RELEASE.jar:1.4.2.RELEASE]
	at org.springframework.boot.SpringApplication.refreshContext(SpringApplication.java:371) [spring-boot-1.4.2.RELEASE.jar:1.4.2.RELEASE]
	at org.springframework.boot.SpringApplication.run(SpringApplication.java:315) [spring-boot-1.4.2.RELEASE.jar:1.4.2.RELEASE]
	at org.springframework.boot.SpringApplication.run(SpringApplication.java:1186) [spring-boot-1.4.2.RELEASE.jar:1.4.2.RELEASE]
	at org.springframework.boot.SpringApplication.run(SpringApplication.java:1175) [spring-boot-1.4.2.RELEASE.jar:1.4.2.RELEASE]
	at com.comviva.simulator.Application.main(Application.java:10) [classes/:na]
	at sun.reflect.NativeMethodAccessorImpl.invoke0(Native Method) ~[na:1.8.0_144]
	at sun.reflect.NativeMethodAccessorImpl.invoke(NativeMethodAccessorImpl.java:62) ~[na:1.8.0_144]
	at sun.reflect.DelegatingMethodAccessorImpl.invoke(DelegatingMethodAccessorImpl.java:43) ~[na:1.8.0_144]
	at java.lang.reflect.Method.invoke(Method.java:498) ~[na:1.8.0_144]
	at org.springframework.boot.devtools.restart.RestartLauncher.run(RestartLauncher.java:49) [spring-boot-devtools-1.4.2.RELEASE.jar:1.4.2.RELEASE]
Caused by: java.lang.IllegalStateException: Cannot find changelog location: class path resource [dbChangelog/changesets.xml] (please add changelog or check your Liquibase configuration)
	at org.springframework.util.Assert.state(Assert.java:392) ~[spring-core-4.3.4.RELEASE.jar:4.3.4.RELEASE]
	at org.springframework.boot.autoconfigure.liquibase.LiquibaseAutoConfiguration$LiquibaseConfiguration.checkChangelogExists(LiquibaseAutoConfiguration.java:92) ~[spring-boot-autoconfigure-1.4.2.RELEASE.jar:1.4.2.RELEASE]
	at sun.reflect.NativeMethodAccessorImpl.invoke0(Native Method) ~[na:1.8.0_144]
	at sun.reflect.NativeMethodAccessorImpl.invoke(NativeMethodAccessorImpl.java:62) ~[na:1.8.0_144]
	at sun.reflect.DelegatingMethodAccessorImpl.invoke(DelegatingMethodAccessorImpl.java:43) ~[na:1.8.0_144]
	at java.lang.reflect.Method.invoke(Method.java:498) ~[na:1.8.0_144]
	at org.springframework.beans.factory.annotation.InitDestroyAnnotationBeanPostProcessor$LifecycleElement.invoke(InitDestroyAnnotationBeanPostProcessor.java:366) ~[spring-beans-4.3.4.RELEASE.jar:4.3.4.RELEASE]
	at org.springframework.beans.factory.annotation.InitDestroyAnnotationBeanPostProcessor$LifecycleMetadata.invokeInitMethods(InitDestroyAnnotationBeanPostProcessor.java:311) ~[spring-beans-4.3.4.RELEASE.jar:4.3.4.RELEASE]
	at org.springframework.beans.factory.annotation.InitDestroyAnnotationBeanPostProcessor.postProcessBeforeInitialization(InitDestroyAnnotationBeanPostProcessor.java:134) ~[spring-beans-4.3.4.RELEASE.jar:4.3.4.RELEASE]
	... 34 common frames omitted

